<?xml version="1.0" encoding="UTF-8"?>
<!-- Generated by org.testng.reporters.JUnitReportReporter -->
<testsuite hostname="DESKTOP-JBAUR5J" failures="0" tests="5" name="com.InterestAmount.testcases.homeLoanTestCases" time="41.990" errors="0" timestamp="2021-04-18T10:38:43 IST" skipped="0">
  <testcase classname="com.InterestAmount.testcases.homeLoanTestCases" name="testopenBrowser" time="25.509"/>
  <system-out/>
  <testcase classname="com.InterestAmount.testcases.homeLoanTestCases" name="testHomeEmi" time="7.603"/>
  <system-out/>
  <testcase classname="com.InterestAmount.testcases.homeLoanTestCases" name="testdataexport" time="7.901"/>
  <system-out/>
  <testcase classname="com.InterestAmount.testcases.homeLoanTestCases" name="close" time="0.658"/>
  <system-out/>
  <testcase classname="com.InterestAmount.testcases.homeLoanTestCases" name="endReport" time="0.319"/>
  <system-out/>
</testsuite> <!-- com.InterestAmount.testcases.homeLoanTestCases -->
