<?xml version="1.0" encoding="UTF-8"?>
<!-- Generated by org.testng.reporters.JUnitReportReporter -->
<testsuite hostname="DESKTOP-JBAUR5J" failures="0" tests="16" name="com.InterestAmount.testcases.loanTenureUICheckTestCases" time="28.900" errors="0" timestamp="2021-04-18T10:38:43 IST" skipped="0">
  <testcase classname="com.InterestAmount.testcases.loanTenureUICheckTestCases" name="openBrowsertestCase" time="15.597"/>
  <system-out/>
  <testcase classname="com.InterestAmount.testcases.loanTenureUICheckTestCases" name="testloanTenurenavigate" time="7.215"/>
  <system-out/>
  <testcase classname="com.InterestAmount.testcases.loanTenureUICheckTestCases" name="testloanAmountslidercheck" time="1.262"/>
  <system-out/>
  <testcase classname="com.InterestAmount.testcases.loanTenureUICheckTestCases" name="testfeechargesslider" time="0.200"/>
  <system-out/>
  <testcase classname="com.InterestAmount.testcases.loanTenureUICheckTestCases" name="testloanAmounttextbox" time="0.190"/>
  <system-out/>
  <testcase classname="com.InterestAmount.testcases.loanTenureUICheckTestCases" name="testEMItextbox" time="0.307"/>
  <system-out/>
  <testcase classname="com.InterestAmount.testcases.loanTenureUICheckTestCases" name="testfeechargestextbox" time="0.192"/>
  <system-out/>
  <testcase classname="com.InterestAmount.testcases.loanTenureUICheckTestCases" name="testloantermslidercheck" time="0.613"/>
  <system-out/>
  <testcase classname="com.InterestAmount.testcases.loanTenureUICheckTestCases" name="testfeeslidercheck" time="0.558"/>
  <system-out/>
  <testcase classname="com.InterestAmount.testcases.loanTenureUICheckTestCases" name="testemislider" time="0.256"/>
  <system-out/>
  <testcase classname="com.InterestAmount.testcases.loanTenureUICheckTestCases" name="testloanAmountslider" time="0.208"/>
  <system-out/>
  <testcase classname="com.InterestAmount.testcases.loanTenureUICheckTestCases" name="testemislidercheck" time="0.954"/>
  <system-out/>
  <testcase classname="com.InterestAmount.testcases.loanTenureUICheckTestCases" name="testloantermslider" time="0.249"/>
  <system-out/>
  <testcase classname="com.InterestAmount.testcases.loanTenureUICheckTestCases" name="testinterestRatetextbox" time="0.326"/>
  <system-out/>
  <testcase classname="com.InterestAmount.testcases.loanTenureUICheckTestCases" name="testclose" time="0.539"/>
  <system-out/>
  <testcase classname="com.InterestAmount.testcases.loanTenureUICheckTestCases" name="testendReport" time="0.234"/>
  <system-out/>
</testsuite> <!-- com.InterestAmount.testcases.loanTenureUICheckTestCases -->
