<?xml version="1.0" encoding="UTF-8"?>
<!-- Generated by org.testng.reporters.JUnitReportReporter -->
<testsuite skipped="0" hostname="sunflower-PC" name="com.UICheck.loanEMIUICheck" tests="13" failures="0" timestamp="2021-04-12T10:20:37 IST" time="24.588" errors="0">
  <testcase name="loanemicalcnavigate" time="5.407" classname="com.UICheck.loanEMIUICheck"/>
  <system-out/>
  <testcase name="loantermslider" time="0.530" classname="com.UICheck.loanEMIUICheck"/>
  <system-out/>
  <testcase name="loanamtslidercheck" time="0.931" classname="com.UICheck.loanEMIUICheck"/>
  <system-out/>
  <testcase name="interestratetextbox" time="0.211" classname="com.UICheck.loanEMIUICheck"/>
  <system-out/>
  <testcase name="loanamttextbox" time="0.135" classname="com.UICheck.loanEMIUICheck"/>
  <system-out/>
  <testcase name="loantermslidercheck" time="0.529" classname="com.UICheck.loanEMIUICheck"/>
  <system-out/>
  <testcase name="interestrateslider" time="0.068" classname="com.UICheck.loanEMIUICheck"/>
  <system-out/>
  <testcase name="feechargestextbox" time="0.112" classname="com.UICheck.loanEMIUICheck"/>
  <system-out/>
  <testcase name="feechargesslider" time="13.386" classname="com.UICheck.loanEMIUICheck"/>
  <system-out/>
  <testcase name="loanamtslider" time="0.262" classname="com.UICheck.loanEMIUICheck"/>
  <system-out/>
  <testcase name="interestrateslidercheck" time="1.321" classname="com.UICheck.loanEMIUICheck"/>
  <system-out/>
  <testcase name="loanfeeslidercheck" time="0.615" classname="com.UICheck.loanEMIUICheck"/>
  <system-out/>
  <testcase name="loantermtextbox" time="1.081" classname="com.UICheck.loanEMIUICheck"/>
  <system-out/>
</testsuite> <!-- com.UICheck.loanEMIUICheck -->
