<?xml version="1.0" encoding="UTF-8"?>
<!-- Generated by org.testng.reporters.JUnitReportReporter -->
<testsuite hostname="LTIN276381" failures="0" tests="15" name="com.InterestAmount.Testcases.LoanAmountCalculatorUICheckTestcases" time="9.566" errors="0" timestamp="2022-01-04T12:21:19 IST" skipped="0">
  <testcase classname="com.InterestAmount.Testcases.LoanAmountCalculatorUICheckTestcases" name="testloancalcnavigate" time="4.568"/>
  <system-out/>
  <testcase classname="com.InterestAmount.Testcases.LoanAmountCalculatorUICheckTestcases" name="testEMIslider" time="0.237"/>
  <system-out/>
  <testcase classname="com.InterestAmount.Testcases.LoanAmountCalculatorUICheckTestcases" name="TestFeeChargeSliderCheck" time="0.822"/>
  <system-out/>
  <testcase classname="com.InterestAmount.Testcases.LoanAmountCalculatorUICheckTestcases" name="testinterestratetextbox" time="0.199"/>
  <system-out/>
  <testcase classname="com.InterestAmount.Testcases.LoanAmountCalculatorUICheckTestcases" name="testloantermtextbox" time="0.142"/>
  <system-out/>
  <testcase classname="com.InterestAmount.Testcases.LoanAmountCalculatorUICheckTestcases" name="testloantermslider" time="0.123"/>
  <system-out/>
  <testcase classname="com.InterestAmount.Testcases.LoanAmountCalculatorUICheckTestcases" name="TestFeechargesSlider" time="0.153"/>
  <system-out/>
  <testcase classname="com.InterestAmount.Testcases.LoanAmountCalculatorUICheckTestcases" name="TestFeechargesTextbox" time="0.148"/>
  <system-out/>
  <testcase classname="com.InterestAmount.Testcases.LoanAmountCalculatorUICheckTestcases" name="TestLoanTenureSlidercheck" time="0.516"/>
  <system-out/>
  <testcase classname="com.InterestAmount.Testcases.LoanAmountCalculatorUICheckTestcases" name="testEMItextbox" time="0.539"/>
  <system-out/>
  <testcase classname="com.InterestAmount.Testcases.LoanAmountCalculatorUICheckTestcases" name="testinterestrateslidercheck" time="0.501"/>
  <system-out/>
  <testcase classname="com.InterestAmount.Testcases.LoanAmountCalculatorUICheckTestcases" name="testinterestrateslider" time="0.133"/>
  <system-out/>
  <testcase classname="com.InterestAmount.Testcases.LoanAmountCalculatorUICheckTestcases" name="testEMIslidercheck" time="0.565"/>
  <system-out/>
  <testcase classname="com.InterestAmount.Testcases.LoanAmountCalculatorUICheckTestcases" name="close" time="0.799"/>
  <system-out/>
  <testcase classname="com.InterestAmount.Testcases.LoanAmountCalculatorUICheckTestcases" name="endReport" time="0.121"/>
  <system-out/>
</testsuite> <!-- com.InterestAmount.Testcases.LoanAmountCalculatorUICheckTestcases -->
