<?xml version="1.0" encoding="UTF-8"?>
<!-- Generated by org.testng.reporters.JUnitReportReporter -->
<testsuite skipped="0" hostname="sunflower-PC" name="com.UICheck.loanTenureUICheck" tests="13" failures="0" timestamp="2021-04-11T14:31:15 IST" time="32.526" errors="0">
  <testcase name="loanTenurenavigate" time="24.148" classname="com.UICheck.loanTenureUICheck"/>
  <system-out/>
  <testcase name="emislidercheck" time="1.810" classname="com.UICheck.loanTenureUICheck"/>
  <system-out/>
  <testcase name="loantermslidercheck" time="0.594" classname="com.UICheck.loanTenureUICheck"/>
  <system-out/>
  <testcase name="feechargesslider" time="1.157" classname="com.UICheck.loanTenureUICheck"/>
  <system-out/>
  <testcase name="loanfeeslidercheck" time="1.139" classname="com.UICheck.loanTenureUICheck"/>
  <system-out/>
  <testcase name="loantermslider" time="0.301" classname="com.UICheck.loanTenureUICheck"/>
  <system-out/>
  <testcase name="emislider" time="0.264" classname="com.UICheck.loanTenureUICheck"/>
  <system-out/>
  <testcase name="loanAmountslider" time="0.128" classname="com.UICheck.loanTenureUICheck"/>
  <system-out/>
  <testcase name="feechargestextbox" time="0.160" classname="com.UICheck.loanTenureUICheck"/>
  <system-out/>
  <testcase name="interestRatetextbox" time="0.203" classname="com.UICheck.loanTenureUICheck"/>
  <system-out/>
  <testcase name="EMItextbox" time="0.856" classname="com.UICheck.loanTenureUICheck"/>
  <system-out/>
  <testcase name="loanAmounttextbox" time="1.147" classname="com.UICheck.loanTenureUICheck"/>
  <system-out/>
  <testcase name="loanAmountslidercheck" time="0.619" classname="com.UICheck.loanTenureUICheck"/>
  <system-out/>
</testsuite> <!-- com.UICheck.loanTenureUICheck -->
