<?xml version="1.0" encoding="UTF-8"?>
<!-- Generated by org.testng.reporters.JUnitReportReporter -->
<testsuite hostname="LTIN276381" failures="0" tests="5" name="com.InterestAmount.Testcases.CarLoanTestCases" time="13.863" errors="0" timestamp="2022-01-04T12:21:19 IST" skipped="0">
  <testcase classname="com.InterestAmount.Testcases.CarLoanTestCases" name="openBrowsertestCase" time="10.215"/>
  <system-out/>
  <testcase classname="com.InterestAmount.Testcases.CarLoanTestCases" name="carEMIFormtestCase" time="2.140"/>
  <system-out/>
  <testcase classname="com.InterestAmount.Testcases.CarLoanTestCases" name="getdatatestcase" time="0.760"/>
  <system-out/>
  <testcase classname="com.InterestAmount.Testcases.CarLoanTestCases" name="closetestcase" time="0.632"/>
  <system-out/>
  <testcase classname="com.InterestAmount.Testcases.CarLoanTestCases" name="endReportestcase" time="0.116"/>
  <system-out/>
</testsuite> <!-- com.InterestAmount.Testcases.CarLoanTestCases -->
