<?xml version="1.0" encoding="UTF-8"?>
<!-- Generated by org.testng.reporters.JUnitReportReporter -->
<testsuite hostname="LTIN276381" failures="0" tests="5" name="com.InterestAmount.Testcases.HomeLoanCalculatorTestCases" time="18.854" errors="0" timestamp="2022-01-04T12:21:19 IST" skipped="0">
  <testcase classname="com.InterestAmount.Testcases.HomeLoanCalculatorTestCases" name="testopenBrowser" time="9.814"/>
  <system-out/>
  <testcase classname="com.InterestAmount.Testcases.HomeLoanCalculatorTestCases" name="testdataexport" time="5.067"/>
  <system-out/>
  <testcase classname="com.InterestAmount.Testcases.HomeLoanCalculatorTestCases" name="testHomeEmi" time="3.198"/>
  <system-out/>
  <testcase classname="com.InterestAmount.Testcases.HomeLoanCalculatorTestCases" name="close" time="0.690"/>
  <system-out/>
  <testcase classname="com.InterestAmount.Testcases.HomeLoanCalculatorTestCases" name="endReport" time="0.085"/>
  <system-out/>
</testsuite> <!-- com.InterestAmount.Testcases.HomeLoanCalculatorTestCases -->
